[2022-12-17 10:18:04,466] {processor.py:153} INFO - Started process (PID=190) to work on /opt/airflow/dags/data_ingestion_to_gcs_dag.py
[2022-12-17 10:18:04,495] {processor.py:641} INFO - Processing file /opt/airflow/dags/data_ingestion_to_gcs_dag.py for tasks to queue
[2022-12-17 10:18:04,496] {logging_mixin.py:115} INFO - [2022-12-17 10:18:04,496] {dagbag.py:508} INFO - Filling up the DagBag from /opt/airflow/dags/data_ingestion_to_gcs_dag.py
[2022-12-17 10:18:09,013] {processor.py:651} INFO - DAG(s) dict_keys(['data_ingestion_gcs_dag']) retrieved from /opt/airflow/dags/data_ingestion_to_gcs_dag.py
[2022-12-17 10:18:09,156] {logging_mixin.py:115} INFO - [2022-12-17 10:18:09,156] {dag.py:2420} INFO - Sync 1 DAGs
[2022-12-17 10:18:09,251] {logging_mixin.py:115} INFO - [2022-12-17 10:18:09,251] {dag.py:2972} INFO - Setting next_dagrun for data_ingestion_gcs_dag to 2022-12-16T00:00:00+00:00, run_after=2022-12-17T00:00:00+00:00
[2022-12-17 10:18:09,320] {processor.py:161} INFO - Processing /opt/airflow/dags/data_ingestion_to_gcs_dag.py took 4.858 seconds
[2022-12-17 10:18:39,497] {processor.py:153} INFO - Started process (PID=243) to work on /opt/airflow/dags/data_ingestion_to_gcs_dag.py
[2022-12-17 10:18:39,498] {processor.py:641} INFO - Processing file /opt/airflow/dags/data_ingestion_to_gcs_dag.py for tasks to queue
[2022-12-17 10:18:39,499] {logging_mixin.py:115} INFO - [2022-12-17 10:18:39,499] {dagbag.py:508} INFO - Filling up the DagBag from /opt/airflow/dags/data_ingestion_to_gcs_dag.py
[2022-12-17 10:18:40,145] {processor.py:651} INFO - DAG(s) dict_keys(['data_ingestion_gcs_dag']) retrieved from /opt/airflow/dags/data_ingestion_to_gcs_dag.py
[2022-12-17 10:18:40,166] {logging_mixin.py:115} INFO - [2022-12-17 10:18:40,166] {dag.py:2420} INFO - Sync 1 DAGs
[2022-12-17 10:18:40,193] {logging_mixin.py:115} INFO - [2022-12-17 10:18:40,193] {dag.py:2972} INFO - Setting next_dagrun for data_ingestion_gcs_dag to 2022-12-16T00:00:00+00:00, run_after=2022-12-17T00:00:00+00:00
[2022-12-17 10:18:40,205] {processor.py:161} INFO - Processing /opt/airflow/dags/data_ingestion_to_gcs_dag.py took 0.712 seconds
[2022-12-17 10:19:10,817] {processor.py:153} INFO - Started process (PID=289) to work on /opt/airflow/dags/data_ingestion_to_gcs_dag.py
[2022-12-17 10:19:10,818] {processor.py:641} INFO - Processing file /opt/airflow/dags/data_ingestion_to_gcs_dag.py for tasks to queue
[2022-12-17 10:19:10,819] {logging_mixin.py:115} INFO - [2022-12-17 10:19:10,819] {dagbag.py:508} INFO - Filling up the DagBag from /opt/airflow/dags/data_ingestion_to_gcs_dag.py
[2022-12-17 10:19:11,473] {processor.py:651} INFO - DAG(s) dict_keys(['data_ingestion_gcs_dag']) retrieved from /opt/airflow/dags/data_ingestion_to_gcs_dag.py
[2022-12-17 10:19:11,495] {logging_mixin.py:115} INFO - [2022-12-17 10:19:11,495] {dag.py:2420} INFO - Sync 1 DAGs
[2022-12-17 10:19:11,522] {logging_mixin.py:115} INFO - [2022-12-17 10:19:11,522] {dag.py:2972} INFO - Setting next_dagrun for data_ingestion_gcs_dag to 2022-12-16T00:00:00+00:00, run_after=2022-12-17T00:00:00+00:00
[2022-12-17 10:19:11,534] {processor.py:161} INFO - Processing /opt/airflow/dags/data_ingestion_to_gcs_dag.py took 0.721 seconds
[2022-12-17 10:19:41,662] {processor.py:153} INFO - Started process (PID=326) to work on /opt/airflow/dags/data_ingestion_to_gcs_dag.py
[2022-12-17 10:19:41,663] {processor.py:641} INFO - Processing file /opt/airflow/dags/data_ingestion_to_gcs_dag.py for tasks to queue
[2022-12-17 10:19:41,664] {logging_mixin.py:115} INFO - [2022-12-17 10:19:41,664] {dagbag.py:508} INFO - Filling up the DagBag from /opt/airflow/dags/data_ingestion_to_gcs_dag.py
[2022-12-17 10:19:42,310] {processor.py:651} INFO - DAG(s) dict_keys(['data_ingestion_gcs_dag']) retrieved from /opt/airflow/dags/data_ingestion_to_gcs_dag.py
[2022-12-17 10:19:42,332] {logging_mixin.py:115} INFO - [2022-12-17 10:19:42,332] {dag.py:2420} INFO - Sync 1 DAGs
[2022-12-17 10:19:42,358] {logging_mixin.py:115} INFO - [2022-12-17 10:19:42,358] {dag.py:2972} INFO - Setting next_dagrun for data_ingestion_gcs_dag to 2022-12-16T00:00:00+00:00, run_after=2022-12-17T00:00:00+00:00
[2022-12-17 10:19:42,371] {processor.py:161} INFO - Processing /opt/airflow/dags/data_ingestion_to_gcs_dag.py took 0.715 seconds
[2022-12-17 10:20:12,956] {processor.py:153} INFO - Started process (PID=372) to work on /opt/airflow/dags/data_ingestion_to_gcs_dag.py
[2022-12-17 10:20:12,957] {processor.py:641} INFO - Processing file /opt/airflow/dags/data_ingestion_to_gcs_dag.py for tasks to queue
[2022-12-17 10:20:12,958] {logging_mixin.py:115} INFO - [2022-12-17 10:20:12,957] {dagbag.py:508} INFO - Filling up the DagBag from /opt/airflow/dags/data_ingestion_to_gcs_dag.py
[2022-12-17 10:20:13,602] {processor.py:651} INFO - DAG(s) dict_keys(['data_ingestion_gcs_dag']) retrieved from /opt/airflow/dags/data_ingestion_to_gcs_dag.py
[2022-12-17 10:20:13,628] {logging_mixin.py:115} INFO - [2022-12-17 10:20:13,628] {dag.py:2420} INFO - Sync 1 DAGs
[2022-12-17 10:20:13,661] {logging_mixin.py:115} INFO - [2022-12-17 10:20:13,660] {dag.py:2972} INFO - Setting next_dagrun for data_ingestion_gcs_dag to 2022-12-16T00:00:00+00:00, run_after=2022-12-17T00:00:00+00:00
[2022-12-17 10:20:13,675] {processor.py:161} INFO - Processing /opt/airflow/dags/data_ingestion_to_gcs_dag.py took 0.723 seconds
[2022-12-17 10:20:43,769] {processor.py:153} INFO - Started process (PID=417) to work on /opt/airflow/dags/data_ingestion_to_gcs_dag.py
[2022-12-17 10:20:43,770] {processor.py:641} INFO - Processing file /opt/airflow/dags/data_ingestion_to_gcs_dag.py for tasks to queue
[2022-12-17 10:20:43,771] {logging_mixin.py:115} INFO - [2022-12-17 10:20:43,771] {dagbag.py:508} INFO - Filling up the DagBag from /opt/airflow/dags/data_ingestion_to_gcs_dag.py
[2022-12-17 10:20:44,472] {processor.py:651} INFO - DAG(s) dict_keys(['data_ingestion_gcs_dag']) retrieved from /opt/airflow/dags/data_ingestion_to_gcs_dag.py
[2022-12-17 10:20:44,493] {logging_mixin.py:115} INFO - [2022-12-17 10:20:44,492] {dag.py:2420} INFO - Sync 1 DAGs
[2022-12-17 10:20:44,519] {logging_mixin.py:115} INFO - [2022-12-17 10:20:44,519] {dag.py:2972} INFO - Setting next_dagrun for data_ingestion_gcs_dag to 2022-12-16T00:00:00+00:00, run_after=2022-12-17T00:00:00+00:00
[2022-12-17 10:20:44,531] {processor.py:161} INFO - Processing /opt/airflow/dags/data_ingestion_to_gcs_dag.py took 0.766 seconds
[2022-12-17 10:21:14,686] {processor.py:153} INFO - Started process (PID=465) to work on /opt/airflow/dags/data_ingestion_to_gcs_dag.py
[2022-12-17 10:21:14,687] {processor.py:641} INFO - Processing file /opt/airflow/dags/data_ingestion_to_gcs_dag.py for tasks to queue
[2022-12-17 10:21:14,687] {logging_mixin.py:115} INFO - [2022-12-17 10:21:14,687] {dagbag.py:508} INFO - Filling up the DagBag from /opt/airflow/dags/data_ingestion_to_gcs_dag.py
[2022-12-17 10:21:15,404] {processor.py:651} INFO - DAG(s) dict_keys(['data_ingestion_gcs_dag']) retrieved from /opt/airflow/dags/data_ingestion_to_gcs_dag.py
[2022-12-17 10:21:15,432] {logging_mixin.py:115} INFO - [2022-12-17 10:21:15,432] {dag.py:2420} INFO - Sync 1 DAGs
[2022-12-17 10:21:15,471] {logging_mixin.py:115} INFO - [2022-12-17 10:21:15,471] {dag.py:2972} INFO - Setting next_dagrun for data_ingestion_gcs_dag to 2022-12-16T00:00:00+00:00, run_after=2022-12-17T00:00:00+00:00
[2022-12-17 10:21:15,487] {processor.py:161} INFO - Processing /opt/airflow/dags/data_ingestion_to_gcs_dag.py took 0.804 seconds
[2022-12-17 10:21:45,930] {processor.py:153} INFO - Started process (PID=501) to work on /opt/airflow/dags/data_ingestion_to_gcs_dag.py
[2022-12-17 10:21:45,930] {processor.py:641} INFO - Processing file /opt/airflow/dags/data_ingestion_to_gcs_dag.py for tasks to queue
[2022-12-17 10:21:45,931] {logging_mixin.py:115} INFO - [2022-12-17 10:21:45,931] {dagbag.py:508} INFO - Filling up the DagBag from /opt/airflow/dags/data_ingestion_to_gcs_dag.py
[2022-12-17 10:21:46,563] {processor.py:651} INFO - DAG(s) dict_keys(['data_ingestion_gcs_dag']) retrieved from /opt/airflow/dags/data_ingestion_to_gcs_dag.py
[2022-12-17 10:21:46,585] {logging_mixin.py:115} INFO - [2022-12-17 10:21:46,584] {dag.py:2420} INFO - Sync 1 DAGs
[2022-12-17 10:21:46,611] {logging_mixin.py:115} INFO - [2022-12-17 10:21:46,611] {dag.py:2972} INFO - Setting next_dagrun for data_ingestion_gcs_dag to 2022-12-16T00:00:00+00:00, run_after=2022-12-17T00:00:00+00:00
[2022-12-17 10:21:46,623] {processor.py:161} INFO - Processing /opt/airflow/dags/data_ingestion_to_gcs_dag.py took 0.698 seconds
[2022-12-17 10:22:16,961] {processor.py:153} INFO - Started process (PID=546) to work on /opt/airflow/dags/data_ingestion_to_gcs_dag.py
[2022-12-17 10:22:16,961] {processor.py:641} INFO - Processing file /opt/airflow/dags/data_ingestion_to_gcs_dag.py for tasks to queue
[2022-12-17 10:22:16,962] {logging_mixin.py:115} INFO - [2022-12-17 10:22:16,962] {dagbag.py:508} INFO - Filling up the DagBag from /opt/airflow/dags/data_ingestion_to_gcs_dag.py
[2022-12-17 10:22:17,595] {processor.py:651} INFO - DAG(s) dict_keys(['data_ingestion_gcs_dag']) retrieved from /opt/airflow/dags/data_ingestion_to_gcs_dag.py
[2022-12-17 10:22:17,617] {logging_mixin.py:115} INFO - [2022-12-17 10:22:17,617] {dag.py:2420} INFO - Sync 1 DAGs
[2022-12-17 10:22:17,645] {logging_mixin.py:115} INFO - [2022-12-17 10:22:17,644] {dag.py:2972} INFO - Setting next_dagrun for data_ingestion_gcs_dag to 2022-12-16T00:00:00+00:00, run_after=2022-12-17T00:00:00+00:00
[2022-12-17 10:22:17,657] {processor.py:161} INFO - Processing /opt/airflow/dags/data_ingestion_to_gcs_dag.py took 0.701 seconds
[2022-12-17 10:22:47,965] {processor.py:153} INFO - Started process (PID=589) to work on /opt/airflow/dags/data_ingestion_to_gcs_dag.py
[2022-12-17 10:22:47,966] {processor.py:641} INFO - Processing file /opt/airflow/dags/data_ingestion_to_gcs_dag.py for tasks to queue
[2022-12-17 10:22:47,966] {logging_mixin.py:115} INFO - [2022-12-17 10:22:47,966] {dagbag.py:508} INFO - Filling up the DagBag from /opt/airflow/dags/data_ingestion_to_gcs_dag.py
[2022-12-17 10:22:48,615] {processor.py:651} INFO - DAG(s) dict_keys(['data_ingestion_gcs_dag']) retrieved from /opt/airflow/dags/data_ingestion_to_gcs_dag.py
[2022-12-17 10:22:48,637] {logging_mixin.py:115} INFO - [2022-12-17 10:22:48,636] {dag.py:2420} INFO - Sync 1 DAGs
[2022-12-17 10:22:48,663] {logging_mixin.py:115} INFO - [2022-12-17 10:22:48,663] {dag.py:2972} INFO - Setting next_dagrun for data_ingestion_gcs_dag to 2022-12-16T00:00:00+00:00, run_after=2022-12-17T00:00:00+00:00
[2022-12-17 10:22:48,676] {processor.py:161} INFO - Processing /opt/airflow/dags/data_ingestion_to_gcs_dag.py took 0.715 seconds
[2022-12-17 10:23:18,825] {processor.py:153} INFO - Started process (PID=644) to work on /opt/airflow/dags/data_ingestion_to_gcs_dag.py
[2022-12-17 10:23:18,833] {processor.py:641} INFO - Processing file /opt/airflow/dags/data_ingestion_to_gcs_dag.py for tasks to queue
[2022-12-17 10:23:18,834] {logging_mixin.py:115} INFO - [2022-12-17 10:23:18,834] {dagbag.py:508} INFO - Filling up the DagBag from /opt/airflow/dags/data_ingestion_to_gcs_dag.py
[2022-12-17 10:23:19,514] {processor.py:651} INFO - DAG(s) dict_keys(['data_ingestion_gcs_dag']) retrieved from /opt/airflow/dags/data_ingestion_to_gcs_dag.py
[2022-12-17 10:23:19,534] {logging_mixin.py:115} INFO - [2022-12-17 10:23:19,534] {dag.py:2420} INFO - Sync 1 DAGs
[2022-12-17 10:23:19,560] {logging_mixin.py:115} INFO - [2022-12-17 10:23:19,560] {dag.py:2972} INFO - Setting next_dagrun for data_ingestion_gcs_dag to 2022-12-16T00:00:00+00:00, run_after=2022-12-17T00:00:00+00:00
[2022-12-17 10:23:19,582] {processor.py:161} INFO - Processing /opt/airflow/dags/data_ingestion_to_gcs_dag.py took 0.761 seconds
[2022-12-17 10:23:49,742] {processor.py:153} INFO - Started process (PID=689) to work on /opt/airflow/dags/data_ingestion_to_gcs_dag.py
[2022-12-17 10:23:49,743] {processor.py:641} INFO - Processing file /opt/airflow/dags/data_ingestion_to_gcs_dag.py for tasks to queue
[2022-12-17 10:23:49,744] {logging_mixin.py:115} INFO - [2022-12-17 10:23:49,744] {dagbag.py:508} INFO - Filling up the DagBag from /opt/airflow/dags/data_ingestion_to_gcs_dag.py
[2022-12-17 10:23:50,380] {processor.py:651} INFO - DAG(s) dict_keys(['data_ingestion_gcs_dag']) retrieved from /opt/airflow/dags/data_ingestion_to_gcs_dag.py
[2022-12-17 10:23:50,400] {logging_mixin.py:115} INFO - [2022-12-17 10:23:50,400] {dag.py:2420} INFO - Sync 1 DAGs
[2022-12-17 10:23:50,426] {logging_mixin.py:115} INFO - [2022-12-17 10:23:50,426] {dag.py:2972} INFO - Setting next_dagrun for data_ingestion_gcs_dag to 2022-12-16T00:00:00+00:00, run_after=2022-12-17T00:00:00+00:00
[2022-12-17 10:23:50,437] {processor.py:161} INFO - Processing /opt/airflow/dags/data_ingestion_to_gcs_dag.py took 0.700 seconds
[2022-12-17 10:24:20,529] {processor.py:153} INFO - Started process (PID=733) to work on /opt/airflow/dags/data_ingestion_to_gcs_dag.py
[2022-12-17 10:24:20,530] {processor.py:641} INFO - Processing file /opt/airflow/dags/data_ingestion_to_gcs_dag.py for tasks to queue
[2022-12-17 10:24:20,531] {logging_mixin.py:115} INFO - [2022-12-17 10:24:20,531] {dagbag.py:508} INFO - Filling up the DagBag from /opt/airflow/dags/data_ingestion_to_gcs_dag.py
[2022-12-17 10:24:21,331] {processor.py:651} INFO - DAG(s) dict_keys(['data_ingestion_gcs_dag']) retrieved from /opt/airflow/dags/data_ingestion_to_gcs_dag.py
[2022-12-17 10:24:21,359] {logging_mixin.py:115} INFO - [2022-12-17 10:24:21,359] {dag.py:2420} INFO - Sync 1 DAGs
[2022-12-17 10:24:21,389] {logging_mixin.py:115} INFO - [2022-12-17 10:24:21,388] {dag.py:2972} INFO - Setting next_dagrun for data_ingestion_gcs_dag to 2022-12-16T00:00:00+00:00, run_after=2022-12-17T00:00:00+00:00
[2022-12-17 10:24:21,402] {processor.py:161} INFO - Processing /opt/airflow/dags/data_ingestion_to_gcs_dag.py took 0.877 seconds
[2022-12-17 10:24:51,531] {processor.py:153} INFO - Started process (PID=771) to work on /opt/airflow/dags/data_ingestion_to_gcs_dag.py
[2022-12-17 10:24:51,531] {processor.py:641} INFO - Processing file /opt/airflow/dags/data_ingestion_to_gcs_dag.py for tasks to queue
[2022-12-17 10:24:51,532] {logging_mixin.py:115} INFO - [2022-12-17 10:24:51,532] {dagbag.py:508} INFO - Filling up the DagBag from /opt/airflow/dags/data_ingestion_to_gcs_dag.py
[2022-12-17 10:24:52,179] {processor.py:651} INFO - DAG(s) dict_keys(['data_ingestion_gcs_dag']) retrieved from /opt/airflow/dags/data_ingestion_to_gcs_dag.py
[2022-12-17 10:24:52,204] {logging_mixin.py:115} INFO - [2022-12-17 10:24:52,204] {dag.py:2420} INFO - Sync 1 DAGs
[2022-12-17 10:24:52,247] {logging_mixin.py:115} INFO - [2022-12-17 10:24:52,247] {dag.py:2972} INFO - Setting next_dagrun for data_ingestion_gcs_dag to 2022-12-16T00:00:00+00:00, run_after=2022-12-17T00:00:00+00:00
[2022-12-17 10:24:52,264] {processor.py:161} INFO - Processing /opt/airflow/dags/data_ingestion_to_gcs_dag.py took 0.739 seconds
[2022-12-17 10:25:22,365] {processor.py:153} INFO - Started process (PID=817) to work on /opt/airflow/dags/data_ingestion_to_gcs_dag.py
[2022-12-17 10:25:22,366] {processor.py:641} INFO - Processing file /opt/airflow/dags/data_ingestion_to_gcs_dag.py for tasks to queue
[2022-12-17 10:25:22,366] {logging_mixin.py:115} INFO - [2022-12-17 10:25:22,366] {dagbag.py:508} INFO - Filling up the DagBag from /opt/airflow/dags/data_ingestion_to_gcs_dag.py
[2022-12-17 10:25:23,113] {processor.py:651} INFO - DAG(s) dict_keys(['data_ingestion_gcs_dag']) retrieved from /opt/airflow/dags/data_ingestion_to_gcs_dag.py
[2022-12-17 10:25:23,138] {logging_mixin.py:115} INFO - [2022-12-17 10:25:23,138] {dag.py:2420} INFO - Sync 1 DAGs
[2022-12-17 10:25:23,173] {logging_mixin.py:115} INFO - [2022-12-17 10:25:23,173] {dag.py:2972} INFO - Setting next_dagrun for data_ingestion_gcs_dag to 2022-12-16T00:00:00+00:00, run_after=2022-12-17T00:00:00+00:00
[2022-12-17 10:25:23,190] {processor.py:161} INFO - Processing /opt/airflow/dags/data_ingestion_to_gcs_dag.py took 0.829 seconds
[2022-12-17 10:25:53,540] {processor.py:153} INFO - Started process (PID=859) to work on /opt/airflow/dags/data_ingestion_to_gcs_dag.py
[2022-12-17 10:25:53,540] {processor.py:641} INFO - Processing file /opt/airflow/dags/data_ingestion_to_gcs_dag.py for tasks to queue
[2022-12-17 10:25:53,541] {logging_mixin.py:115} INFO - [2022-12-17 10:25:53,541] {dagbag.py:508} INFO - Filling up the DagBag from /opt/airflow/dags/data_ingestion_to_gcs_dag.py
[2022-12-17 10:25:54,472] {processor.py:651} INFO - DAG(s) dict_keys(['data_ingestion_gcs_dag']) retrieved from /opt/airflow/dags/data_ingestion_to_gcs_dag.py
[2022-12-17 10:25:54,506] {logging_mixin.py:115} INFO - [2022-12-17 10:25:54,506] {dag.py:2420} INFO - Sync 1 DAGs
[2022-12-17 10:25:54,558] {logging_mixin.py:115} INFO - [2022-12-17 10:25:54,558] {dag.py:2972} INFO - Setting next_dagrun for data_ingestion_gcs_dag to 2022-12-16T00:00:00+00:00, run_after=2022-12-17T00:00:00+00:00
[2022-12-17 10:25:54,572] {processor.py:161} INFO - Processing /opt/airflow/dags/data_ingestion_to_gcs_dag.py took 1.038 seconds
[2022-12-17 10:26:25,131] {processor.py:153} INFO - Started process (PID=904) to work on /opt/airflow/dags/data_ingestion_to_gcs_dag.py
[2022-12-17 10:26:25,132] {processor.py:641} INFO - Processing file /opt/airflow/dags/data_ingestion_to_gcs_dag.py for tasks to queue
[2022-12-17 10:26:25,133] {logging_mixin.py:115} INFO - [2022-12-17 10:26:25,132] {dagbag.py:508} INFO - Filling up the DagBag from /opt/airflow/dags/data_ingestion_to_gcs_dag.py
[2022-12-17 10:26:25,890] {processor.py:651} INFO - DAG(s) dict_keys(['data_ingestion_gcs_dag']) retrieved from /opt/airflow/dags/data_ingestion_to_gcs_dag.py
[2022-12-17 10:26:25,916] {logging_mixin.py:115} INFO - [2022-12-17 10:26:25,916] {dag.py:2420} INFO - Sync 1 DAGs
[2022-12-17 10:26:25,946] {logging_mixin.py:115} INFO - [2022-12-17 10:26:25,946] {dag.py:2972} INFO - Setting next_dagrun for data_ingestion_gcs_dag to 2022-12-16T00:00:00+00:00, run_after=2022-12-17T00:00:00+00:00
[2022-12-17 10:26:25,959] {processor.py:161} INFO - Processing /opt/airflow/dags/data_ingestion_to_gcs_dag.py took 0.833 seconds
[2022-12-17 10:26:56,065] {processor.py:153} INFO - Started process (PID=949) to work on /opt/airflow/dags/data_ingestion_to_gcs_dag.py
[2022-12-17 10:26:56,065] {processor.py:641} INFO - Processing file /opt/airflow/dags/data_ingestion_to_gcs_dag.py for tasks to queue
[2022-12-17 10:26:56,066] {logging_mixin.py:115} INFO - [2022-12-17 10:26:56,066] {dagbag.py:508} INFO - Filling up the DagBag from /opt/airflow/dags/data_ingestion_to_gcs_dag.py
[2022-12-17 10:26:56,719] {processor.py:651} INFO - DAG(s) dict_keys(['data_ingestion_gcs_dag']) retrieved from /opt/airflow/dags/data_ingestion_to_gcs_dag.py
[2022-12-17 10:26:56,741] {logging_mixin.py:115} INFO - [2022-12-17 10:26:56,741] {dag.py:2420} INFO - Sync 1 DAGs
[2022-12-17 10:26:56,769] {logging_mixin.py:115} INFO - [2022-12-17 10:26:56,769] {dag.py:2972} INFO - Setting next_dagrun for data_ingestion_gcs_dag to 2022-12-16T00:00:00+00:00, run_after=2022-12-17T00:00:00+00:00
[2022-12-17 10:26:56,782] {processor.py:161} INFO - Processing /opt/airflow/dags/data_ingestion_to_gcs_dag.py took 0.723 seconds
[2022-12-17 10:27:26,953] {processor.py:153} INFO - Started process (PID=985) to work on /opt/airflow/dags/data_ingestion_to_gcs_dag.py
[2022-12-17 10:27:26,954] {processor.py:641} INFO - Processing file /opt/airflow/dags/data_ingestion_to_gcs_dag.py for tasks to queue
[2022-12-17 10:27:26,955] {logging_mixin.py:115} INFO - [2022-12-17 10:27:26,955] {dagbag.py:508} INFO - Filling up the DagBag from /opt/airflow/dags/data_ingestion_to_gcs_dag.py
[2022-12-17 10:27:27,678] {processor.py:651} INFO - DAG(s) dict_keys(['data_ingestion_gcs_dag']) retrieved from /opt/airflow/dags/data_ingestion_to_gcs_dag.py
[2022-12-17 10:27:27,701] {logging_mixin.py:115} INFO - [2022-12-17 10:27:27,700] {dag.py:2420} INFO - Sync 1 DAGs
[2022-12-17 10:27:27,729] {logging_mixin.py:115} INFO - [2022-12-17 10:27:27,729] {dag.py:2972} INFO - Setting next_dagrun for data_ingestion_gcs_dag to 2022-12-16T00:00:00+00:00, run_after=2022-12-17T00:00:00+00:00
[2022-12-17 10:27:27,741] {processor.py:161} INFO - Processing /opt/airflow/dags/data_ingestion_to_gcs_dag.py took 0.793 seconds
[2022-12-17 10:27:57,836] {processor.py:153} INFO - Started process (PID=1030) to work on /opt/airflow/dags/data_ingestion_to_gcs_dag.py
[2022-12-17 10:27:57,837] {processor.py:641} INFO - Processing file /opt/airflow/dags/data_ingestion_to_gcs_dag.py for tasks to queue
[2022-12-17 10:27:57,838] {logging_mixin.py:115} INFO - [2022-12-17 10:27:57,838] {dagbag.py:508} INFO - Filling up the DagBag from /opt/airflow/dags/data_ingestion_to_gcs_dag.py
[2022-12-17 10:27:58,516] {processor.py:651} INFO - DAG(s) dict_keys(['data_ingestion_gcs_dag']) retrieved from /opt/airflow/dags/data_ingestion_to_gcs_dag.py
[2022-12-17 10:27:58,536] {logging_mixin.py:115} INFO - [2022-12-17 10:27:58,536] {dag.py:2420} INFO - Sync 1 DAGs
[2022-12-17 10:27:58,566] {logging_mixin.py:115} INFO - [2022-12-17 10:27:58,566] {dag.py:2972} INFO - Setting next_dagrun for data_ingestion_gcs_dag to 2022-12-16T00:00:00+00:00, run_after=2022-12-17T00:00:00+00:00
[2022-12-17 10:27:58,579] {processor.py:161} INFO - Processing /opt/airflow/dags/data_ingestion_to_gcs_dag.py took 0.749 seconds
[2022-12-17 10:28:29,151] {processor.py:153} INFO - Started process (PID=1085) to work on /opt/airflow/dags/data_ingestion_to_gcs_dag.py
[2022-12-17 10:28:29,152] {processor.py:641} INFO - Processing file /opt/airflow/dags/data_ingestion_to_gcs_dag.py for tasks to queue
[2022-12-17 10:28:29,153] {logging_mixin.py:115} INFO - [2022-12-17 10:28:29,153] {dagbag.py:508} INFO - Filling up the DagBag from /opt/airflow/dags/data_ingestion_to_gcs_dag.py
[2022-12-17 10:28:29,926] {processor.py:651} INFO - DAG(s) dict_keys(['data_ingestion_gcs_dag']) retrieved from /opt/airflow/dags/data_ingestion_to_gcs_dag.py
[2022-12-17 10:28:29,948] {logging_mixin.py:115} INFO - [2022-12-17 10:28:29,948] {dag.py:2420} INFO - Sync 1 DAGs
[2022-12-17 10:28:29,974] {logging_mixin.py:115} INFO - [2022-12-17 10:28:29,974] {dag.py:2972} INFO - Setting next_dagrun for data_ingestion_gcs_dag to 2022-12-16T00:00:00+00:00, run_after=2022-12-17T00:00:00+00:00
[2022-12-17 10:28:29,987] {processor.py:161} INFO - Processing /opt/airflow/dags/data_ingestion_to_gcs_dag.py took 0.839 seconds
[2022-12-17 10:29:00,105] {processor.py:153} INFO - Started process (PID=1127) to work on /opt/airflow/dags/data_ingestion_to_gcs_dag.py
[2022-12-17 10:29:00,106] {processor.py:641} INFO - Processing file /opt/airflow/dags/data_ingestion_to_gcs_dag.py for tasks to queue
[2022-12-17 10:29:00,106] {logging_mixin.py:115} INFO - [2022-12-17 10:29:00,106] {dagbag.py:508} INFO - Filling up the DagBag from /opt/airflow/dags/data_ingestion_to_gcs_dag.py
[2022-12-17 10:29:00,838] {processor.py:651} INFO - DAG(s) dict_keys(['data_ingestion_gcs_dag']) retrieved from /opt/airflow/dags/data_ingestion_to_gcs_dag.py
[2022-12-17 10:29:00,867] {logging_mixin.py:115} INFO - [2022-12-17 10:29:00,867] {dag.py:2420} INFO - Sync 1 DAGs
[2022-12-17 10:29:00,906] {logging_mixin.py:115} INFO - [2022-12-17 10:29:00,906] {dag.py:2972} INFO - Setting next_dagrun for data_ingestion_gcs_dag to 2022-12-16T00:00:00+00:00, run_after=2022-12-17T00:00:00+00:00
[2022-12-17 10:29:00,930] {processor.py:161} INFO - Processing /opt/airflow/dags/data_ingestion_to_gcs_dag.py took 0.828 seconds
[2022-12-17 10:29:31,527] {processor.py:153} INFO - Started process (PID=1165) to work on /opt/airflow/dags/data_ingestion_to_gcs_dag.py
[2022-12-17 10:29:31,528] {processor.py:641} INFO - Processing file /opt/airflow/dags/data_ingestion_to_gcs_dag.py for tasks to queue
[2022-12-17 10:29:31,529] {logging_mixin.py:115} INFO - [2022-12-17 10:29:31,528] {dagbag.py:508} INFO - Filling up the DagBag from /opt/airflow/dags/data_ingestion_to_gcs_dag.py
[2022-12-17 10:29:32,229] {processor.py:651} INFO - DAG(s) dict_keys(['data_ingestion_gcs_dag']) retrieved from /opt/airflow/dags/data_ingestion_to_gcs_dag.py
[2022-12-17 10:29:32,259] {logging_mixin.py:115} INFO - [2022-12-17 10:29:32,258] {dag.py:2420} INFO - Sync 1 DAGs
[2022-12-17 10:29:32,306] {logging_mixin.py:115} INFO - [2022-12-17 10:29:32,305] {dag.py:2972} INFO - Setting next_dagrun for data_ingestion_gcs_dag to 2022-12-16T00:00:00+00:00, run_after=2022-12-17T00:00:00+00:00
[2022-12-17 10:29:32,336] {processor.py:161} INFO - Processing /opt/airflow/dags/data_ingestion_to_gcs_dag.py took 0.814 seconds
[2022-12-17 10:49:20,814] {processor.py:153} INFO - Started process (PID=186) to work on /opt/airflow/dags/data_ingestion_to_gcs_dag.py
[2022-12-17 10:49:20,815] {processor.py:641} INFO - Processing file /opt/airflow/dags/data_ingestion_to_gcs_dag.py for tasks to queue
[2022-12-17 10:49:20,816] {logging_mixin.py:115} INFO - [2022-12-17 10:49:20,816] {dagbag.py:508} INFO - Filling up the DagBag from /opt/airflow/dags/data_ingestion_to_gcs_dag.py
[2022-12-17 10:49:21,839] {processor.py:651} INFO - DAG(s) dict_keys(['data_ingestion_gcs_dag']) retrieved from /opt/airflow/dags/data_ingestion_to_gcs_dag.py
[2022-12-17 10:49:21,867] {logging_mixin.py:115} INFO - [2022-12-17 10:49:21,867] {dag.py:2420} INFO - Sync 1 DAGs
[2022-12-17 10:49:21,905] {logging_mixin.py:115} INFO - [2022-12-17 10:49:21,904] {dag.py:2972} INFO - Setting next_dagrun for data_ingestion_gcs_dag to 2022-12-16T00:00:00+00:00, run_after=2022-12-17T00:00:00+00:00
[2022-12-17 10:49:21,921] {processor.py:161} INFO - Processing /opt/airflow/dags/data_ingestion_to_gcs_dag.py took 1.114 seconds
